0 info it worked if it ends with ok
1 verbose cli [ 'C:\\software\\nodejs\\node.exe',
1 verbose cli   'C:\\software\\nodejs\\node_modules\\npm\\bin\\npm-cli.js',
1 verbose cli   'start' ]
2 info using npm@3.10.10
3 info using node@v6.11.4
4 verbose run-script [ 'prestart', 'start', 'poststart' ]
5 info lifecycle mobileinfo@1.0.0~prestart: mobileinfo@1.0.0
6 silly lifecycle mobileinfo@1.0.0~prestart: no script for prestart, continuing
7 info lifecycle mobileinfo@1.0.0~start: mobileinfo@1.0.0
8 verbose lifecycle mobileinfo@1.0.0~start: unsafe-perm in lifecycle true
9 verbose lifecycle mobileinfo@1.0.0~start: PATH: C:\software\nodejs\node_modules\npm\bin\node-gyp-bin;D:\GitHub\news\node_modules\.bin;C:\WINDOWS\system32;C:\WINDOWS;C:\WINDOWS\System32\Wbem;C:\WINDOWS\System32\WindowsPowerShell\v1.0\;C:\Users\liuqian\.dnx\bin;C:\Program Files\Microsoft DNX\Dnvm\;C:\Program Files\Microsoft SQL Server\130\Tools\Binn\;C:\Program Files (x86)\Windows Kits\10\Windows Performance Toolkit\;C:\software\nodejs\;C:\software\TortoiseSVN\bin;C:\software\UltraEdit;C:\WINDOWS\System32\LibreSSL\;C:\WINDOWS\System32\OpenSSH\;C:\Users\liuqian\AppData\Local\Programs\Python\Python36\Scripts\;C:\Users\liuqian\AppData\Local\Programs\Python\Python36\;C:\Users\liuqian\AppData\Local\Microsoft\WindowsApps;c:\winrun;C:\software\Microsoft VS Code\bin;C:\winrun\电脑;C:\Users\liuqian\AppData\Roaming\npm;C:\software\Fiddler2;C:\Users\liuqian\AppData\Local\Microsoft\WindowsApps;C:\Users\liuqian\AppData\Local\GitHubDesktop\bin
10 verbose lifecycle mobileinfo@1.0.0~start: CWD: D:\GitHub\news
11 silly lifecycle mobileinfo@1.0.0~start: Args: [ '/d /s /c', 'node app.js' ]
12 silly lifecycle mobileinfo@1.0.0~start: Returned: code: 3221225786  signal: null
13 info lifecycle mobileinfo@1.0.0~start: Failed to exec start script
14 verbose stack Error: mobileinfo@1.0.0 start: `node app.js`
14 verbose stack Exit status 3221225786
14 verbose stack     at EventEmitter.<anonymous> (C:\software\nodejs\node_modules\npm\lib\utils\lifecycle.js:255:16)
14 verbose stack     at emitTwo (events.js:106:13)
14 verbose stack     at EventEmitter.emit (events.js:191:7)
14 verbose stack     at ChildProcess.<anonymous> (C:\software\nodejs\node_modules\npm\lib\utils\spawn.js:40:14)
14 verbose stack     at emitTwo (events.js:106:13)
14 verbose stack     at ChildProcess.emit (events.js:191:7)
14 verbose stack     at maybeClose (internal/child_process.js:920:16)
14 verbose stack     at Process.ChildProcess._handle.onexit (internal/child_process.js:230:5)
15 verbose pkgid mobileinfo@1.0.0
16 verbose cwd D:\GitHub\news
17 error Windows_NT 10.0.17134
18 error argv "C:\\software\\nodejs\\node.exe" "C:\\software\\nodejs\\node_modules\\npm\\bin\\npm-cli.js" "start"
19 error node v6.11.4
20 error npm  v3.10.10
21 error code ELIFECYCLE
22 error mobileinfo@1.0.0 start: `node app.js`
22 error Exit status 3221225786
23 error Failed at the mobileinfo@1.0.0 start script 'node app.js'.
23 error Make sure you have the latest version of node.js and npm installed.
23 error If you do, this is most likely a problem with the mobileinfo package,
23 error not with npm itself.
23 error Tell the author that this fails on your system:
23 error     node app.js
23 error You can get information on how to open an issue for this project with:
23 error     npm bugs mobileinfo
23 error Or if that isn't available, you can get their info via:
23 error     npm owner ls mobileinfo
23 error There is likely additional logging output above.
24 verbose exit [ 1, true ]
